<?xml version="1.0" encoding="UTF-8"?>
<!-- Generated by org.testng.reporters.JUnitReportReporter -->
<testsuite skipped="0" hostname="LAPTOP-LOG2SSBM" name="Hola.Screensht" tests="3" failures="0" timestamp="08 Jun 2020 14:36:44 GMT" time="19.683" errors="0">
  <testcase name="cookies" time="7.341" classname="Hola.Screensht"/>
  <testcase name="screen" time="5.289" classname="Hola.Screensht"/>
  <testcase name="screenshot" time="7.053" classname="Hola.Screensht"/>
</testsuite> <!-- Hola.Screensht -->
