<?xml version="1.0" encoding="UTF-8"?>
<!-- Generated by org.testng.reporters.JUnitReportReporter -->
<testsuite skipped="0" hostname="LAPTOP-LOG2SSBM" name="Hola.window" tests="1" failures="0" timestamp="08 Jun 2020 14:36:44 GMT" time="5.391" errors="0">
  <testcase name="switchw" time="5.391" classname="Hola.window"/>
</testsuite> <!-- Hola.window -->
