<?xml version="1.0" encoding="UTF-8"?>
<!-- Generated by org.testng.reporters.JUnitReportReporter -->
<testsuite skipped="0" hostname="LAPTOP-LOG2SSBM" name="Hola.Actn" tests="3" failures="0" timestamp="30 Jun 2020 14:24:34 GMT" time="21.642" errors="0">
  <testcase name="def" time="4.710" classname="Hola.Actn"/>
  <testcase name="abc" time="6.684" classname="Hola.Actn"/>
  <testcase name="check" time="10.248" classname="Hola.Actn"/>
</testsuite> <!-- Hola.Actn -->
