<?xml version="1.0" encoding="UTF-8"?>
<!-- Generated by org.testng.reporters.JUnitReportReporter -->
<testsuite skipped="0" hostname="LAPTOP-LOG2SSBM" name="Hola.windows" tests="2" failures="0" timestamp="08 Jun 2020 14:38:10 GMT" time="26.630" errors="0">
  <testcase name="section" time="22.339" classname="Hola.windows"/>
  <testcase name="Driver" time="4.291" classname="Hola.windows"/>
</testsuite> <!-- Hola.windows -->
