<?xml version="1.0" encoding="UTF-8"?>
<!-- Generated by org.testng.reporters.JUnitReportReporter -->
<testsuite skipped="0" hostname="LAPTOP-LOG2SSBM" name="Hola.Screensht" tests="3" failures="0" timestamp="09 Jun 2020 13:17:38 GMT" time="20.030" errors="0">
  <testcase name="screen" time="4.518" classname="Hola.Screensht"/>
  <testcase name="cookies" time="6.659" classname="Hola.Screensht"/>
  <testcase name="screenshot" time="8.853" classname="Hola.Screensht"/>
</testsuite> <!-- Hola.Screensht -->
